0 info it worked if it ends with ok
1 verbose cli [ 'C:\\Program Files\\nodejs\\node.exe',
1 verbose cli   'C:\\Program Files\\nodejs\\node_modules\\npm\\bin\\npm-cli.js',
1 verbose cli   'run',
1 verbose cli   'cut-minor-release' ]
2 info using npm@4.1.2
3 info using node@v7.7.3
4 verbose run-script [ 'precut-minor-release',
4 verbose run-script   'cut-minor-release',
4 verbose run-script   'postcut-minor-release' ]
5 info lifecycle generate-package-json-webpack-plugin@0.0.1~precut-minor-release: generate-package-json-webpack-plugin@0.0.1
6 silly lifecycle generate-package-json-webpack-plugin@0.0.1~precut-minor-release: no script for precut-minor-release, continuing
7 info lifecycle generate-package-json-webpack-plugin@0.0.1~cut-minor-release: generate-package-json-webpack-plugin@0.0.1
8 verbose lifecycle generate-package-json-webpack-plugin@0.0.1~cut-minor-release: unsafe-perm in lifecycle true
9 verbose lifecycle generate-package-json-webpack-plugin@0.0.1~cut-minor-release: PATH: C:\Users\Paul\AppData\Roaming\nvm\v7.7.3\node_modules\npm\bin\node-gyp-bin;D:\Dev\_Projects\Github\generate-package-json-webpack-plugin\node_modules\.bin;C:\ProgramData\Oracle\Java\javapath;C:\Windows\system32;C:\Windows;C:\Windows\System32\Wbem;C:\Windows\System32\WindowsPowerShell\v1.0\;C:\bin;C:\Python34\Scripts;C:\Users\Paul\AppData\Local\Android\sdk\platform-tools;C:\Program Files (x86)\Calibre2\;C:\Ruby193\bin;C:\Program Files\Microsoft SQL Server\110\Tools\Binn\;C:\Program Files\Microsoft SQL Server\120\Tools\Binn\;C:\Program Files\FileBot\;C:\Program Files (x86)\NVIDIA Corporation\PhysX\Common;C:\Program Files (x86)\Brackets\command;C:\Users\Paul\AppData\Roaming\nvm;C:\Program Files\nodejs;C:\ProgramData\chocolatey\bin;C:\Program Files (x86)\Windows Kits\8.1\Windows Performance Toolkit\;C:\WINDOWS\system32;C:\WINDOWS;C:\WINDOWS\System32\Wbem;C:\WINDOWS\System32\WindowsPowerShell\v1.0\;C:\Program Files\TortoiseSVN\bin;C:\Program Files (x86)\Microsoft Emulator Manager\1.0\;C:\Program Files\Git\cmd;C:\Program Files (x86)\Yarn\bin;C:\OpenSSL-Win32\bin;C:\Users\Paul\AppData\Local\Google\Cloud SDK\google-cloud-sdk\bin;C:\Program Files (x86)\Microsoft VS Code\bin;C:\Users\Paul\AppData\Roaming\npm;C:\Users\Paul\AppData\Local\Microsoft\WindowsApps;D:\dev\_utilities\curl-7.51.0\src;D:\Dev\_utilities\minikube;C:\Users\Paul\AppData\Local\Programs\Python\Python36;C:\Users\Paul\AppData\Local\Programs\Python\Python36\Scripts;C:\Python27;C:\siege-windows;C:\Users\Paul\AppData\Local\Yarn\bin
10 verbose lifecycle generate-package-json-webpack-plugin@0.0.1~cut-minor-release: CWD: D:\Dev\_Projects\Github\generate-package-json-webpack-plugin
11 silly lifecycle generate-package-json-webpack-plugin@0.0.1~cut-minor-release: Args: [ '/d /s /c',
11 silly lifecycle   'npm version minor && git push --follow-tags && npm publish' ]
12 silly lifecycle generate-package-json-webpack-plugin@0.0.1~cut-minor-release: Returned: code: 1  signal: null
13 info lifecycle generate-package-json-webpack-plugin@0.0.1~cut-minor-release: Failed to exec cut-minor-release script
14 verbose stack Error: generate-package-json-webpack-plugin@0.0.1 cut-minor-release: `npm version minor && git push --follow-tags && npm publish`
14 verbose stack Exit status 1
14 verbose stack     at EventEmitter.<anonymous> (C:\Users\Paul\AppData\Roaming\nvm\v7.7.3\node_modules\npm\lib\utils\lifecycle.js:279:16)
14 verbose stack     at emitTwo (events.js:106:13)
14 verbose stack     at EventEmitter.emit (events.js:194:7)
14 verbose stack     at ChildProcess.<anonymous> (C:\Users\Paul\AppData\Roaming\nvm\v7.7.3\node_modules\npm\lib\utils\spawn.js:40:14)
14 verbose stack     at emitTwo (events.js:106:13)
14 verbose stack     at ChildProcess.emit (events.js:194:7)
14 verbose stack     at maybeClose (internal/child_process.js:899:16)
14 verbose stack     at Process.ChildProcess._handle.onexit (internal/child_process.js:226:5)
15 verbose pkgid generate-package-json-webpack-plugin@0.0.1
16 verbose cwd D:\Dev\_Projects\Github\generate-package-json-webpack-plugin
17 error Windows_NT 10.0.15063
18 error argv "C:\\Program Files\\nodejs\\node.exe" "C:\\Program Files\\nodejs\\node_modules\\npm\\bin\\npm-cli.js" "run" "cut-minor-release"
19 error node v7.7.3
20 error npm  v4.1.2
21 error code ELIFECYCLE
22 error generate-package-json-webpack-plugin@0.0.1 cut-minor-release: `npm version minor && git push --follow-tags && npm publish`
22 error Exit status 1
23 error Failed at the generate-package-json-webpack-plugin@0.0.1 cut-minor-release script 'npm version minor && git push --follow-tags && npm publish'.
23 error Make sure you have the latest version of node.js and npm installed.
23 error If you do, this is most likely a problem with the generate-package-json-webpack-plugin package,
23 error not with npm itself.
23 error Tell the author that this fails on your system:
23 error     npm version minor && git push --follow-tags && npm publish
23 error You can get information on how to open an issue for this project with:
23 error     npm bugs generate-package-json-webpack-plugin
23 error Or if that isn't available, you can get their info via:
23 error     npm owner ls generate-package-json-webpack-plugin
23 error There is likely additional logging output above.
24 verbose exit [ 1, true ]
